2026-03-22 14:15:33 INFO [AuthenticationService] Multi-factor authentication completed for user_id: 98765
2026-03-22 14:16:02 DEBUG [QuantumDatabase] Quantum connection established with 50 qubits initialized
2026-03-22 14:16:28 WARN [AIProcessor] Neural network inference timeout for model: sentiment_analyzer_v3
2026-03-22 14:16:54 INFO [BlockchainService] Smart contract executed successfully - contract_id: SC-2026-042
2026-03-22 14:17:19 ERROR [HologramRenderer] Failed to render 3D hologram: Projection matrix invalid
2026-03-22 14:17:45 INFO [CloudMesh] Edge computing node synchronized - node_id: edge_node_alpha
2026-03-22 14:18:11 DEBUG [VoiceInterface] Natural language processing completed - accuracy: 98.7%
2026-03-22 14:18:36 WARN [CyberSecurity] Quantum encryption key rotation required for vault: secure_vault_001
2026-03-22 14:19:02 INFO [AutoPilot] Autonomous vehicle navigation updated - route_id: nav_2026_889
2026-03-22 14:19:28 ERROR [NeuralLink] Brain-computer interface connection lost after 45 minutes
2026-03-22 14:19:53 INFO [BiometricAuth] Retinal scan authentication successful for employee: sarah.connor@corp.com
2026-03-22 14:20:19 DEBUG [MetaverseGateway] Virtual world instance created - world_id: metaverse_city_42
2026-03-22 14:20:45 FATAL [QuantumCore] Quantum entanglement disruption detected - system stability compromised
2026-03-22 14:21:10 INFO [DroneFleet] Delivery drone dispatched to coordinates: 37.7749, -122.4194
2026-03-22 14:21:36 WARN [ARInterface] Augmented reality overlay calibration failed for device: ar_lens_premium
2026-03-22 14:22:01 INFO [SmartCity] Traffic optimization algorithm deployed across 500 intersections
2026-03-22 14:22:27 DEBUG [CarbonTracker] CO2 footprint calculated: 0.003kg for digital transaction
2026-03-22 14:22:52 ERROR [SpaceComm] Satellite uplink interrupted - signal lost to mars_station_alpha
2026-03-22 14:23:18 INFO [BioAuth] DNA sequence verification completed for sample_id: bio_98765
2026-03-22 14:23:44 WARN [RoboticsHub] Maintenance robot battery critical - unit_id: maintenance_bot_007
