2024-01-15 08:23:14 INFO [UserService] User authentication successful for user_id: 12345
2024-01-15 08:23:45 DEBUG [DatabaseConnection] Connection pool initialized with 10 connections
2024-01-15 08:24:12 WARN [PaymentProcessor] Retry attempt 2/3 for transaction_id: txn_789012
2024-01-15 08:24:33 INFO [OrderService] Order created successfully - order_id: ORD-2024-001
2024-01-15 08:25:01 ERROR [EmailService] Failed to send notification email: SMTP timeout
2024-01-15 08:25:18 INFO [CacheManager] Cache refreshed for key: product_catalog
2024-01-15 08:25:44 DEBUG [APIController] GET /api/v1/users/profile - Response time: 125ms
2024-01-15 08:26:07 WARN [SecurityService] Multiple failed login attempts detected for IP: 192.168.1.100
2024-01-15 08:26:29 INFO [BackupService] Daily backup completed successfully - size: 2.4GB
2024-01-15 08:26:55 ERROR [DatabaseConnection] Connection timeout after 30 seconds
2024-01-15 08:27:12 INFO [UserService] Password reset requested for user: john.doe@example.com
2024-01-15 08:27:38 DEBUG [ValidationService] Input validation passed for form: contact_form
2024-01-15 08:28:01 FATAL [SystemMonitor] Critical system error: Out of memory - heap space exhausted
2024-01-15 08:28:25 INFO [NotificationService] Push notification sent to device_id: dev_456789
2024-01-15 08:28:47 WARN [FileUploader] File upload
2024-01-15 08:29:10 INFO [Scheduler] Scheduled task 'data_cleanup' executed successfully
2024-01-15 08:29:33 DEBUG [Logger] Log rotation completed, old logs archived
2024-01-15 08:29:55 ERROR [PaymentProcessor] Payment gateway unreachable for transaction_id: txn_789013
2024-01-15 08:30:18 INFO [UserService] User profile updated for user_id: 12345
2024-01-15 08:30:42 WARN [APIController] Deprecated API
2024-01-15 08:23:14 INFO [UserService] User authentication successful for user_id: 12345
2024-01-15 08:23:45 DEBUG [DatabaseConnection] Connection pool initialized with 10 connections
2024-01-15 08:24:12 WARN [PaymentProcessor] Retry attempt 2/3 for transaction_id: txn_789012
2024-01-15 08:24:33 INFO [OrderService] Order created successfully - order_id: ORD-2024-001
2024-01-15 08:25:01 ERROR [EmailService] Failed to send notification email: SMTP timeout
2024-01-15 08:25:18 INFO [CacheManager] Cache refreshed for key: product_catalog
2024-01-15 08:25:44 DEBUG [APIController] GET /api/v1/users/profile - Response time: 125ms
2024-01-15 08:26:07 WARN [SecurityService] Multiple failed login attempts detected for IP: 192.168.1.100
2024-01-15 08:26:29 INFO [BackupService] Daily backup completed successfully - size: 2.4GB
2024-01-15 08:26:55 ERROR [DatabaseConnection] Connection timeout after 30 seconds
2024-01-15 08:27:12 INFO [UserService] Password reset requested for user: john.doe@example.com
2024-01-15 08:27:38 DEBUG [ValidationService] Input validation passed for form: contact_form
2024-01-15 08:28:01 FATAL [SystemMonitor] Critical system error: Out of memory - heap space exhausted
2024-01-15 08:28:25 INFO [NotificationService] Push notification sent to device_id: dev_456789
2024-01-15 08:28:47 WARN [FileUploader] File upload
2024-01-15 08:29:10 INFO [Scheduler] Scheduled task 'data_cleanup' executed successfully
2024-01-15 08:29:33 DEBUG [Logger] Log rotation completed, old logs archived
2024-01-15 08:29:55 ERROR [PaymentProcessor] Payment gateway unreachable for transaction_id: txn_789013
2024-01-15 08:30:18 INFO [UserService] User profile updated for user_id: 12345
2024-01-15 08:30:42 WARN [APIController] Deprecated API
2024-01-15 08:23:14 INFO [UserService] User authentication successful for user_id: 12345
2024-01-15 08:23:45 DEBUG [DatabaseConnection] Connection pool initialized with 10 connections
2024-01-15 08:24:12 WARN [PaymentProcessor] Retry attempt 2/3 for transaction_id: txn_789012
2024-01-15 08:24:33 INFO [OrderService] Order created successfully - order_id: ORD-2024-001
2024-01-15 08:25:01 ERROR [EmailService] Failed to send notification email: SMTP timeout
2024-01-15 08:25:18 INFO [CacheManager] Cache refreshed for key: product_catalog
2024-01-15 08:25:44 DEBUG [APIController] GET /api/v1/users/profile - Response time: 125ms
2024-01-15 08:26:07 WARN [SecurityService] Multiple failed login attempts detected for IP: 192.168.1.100
2024-01-15 08:26:29 INFO [BackupService] Daily backup completed successfully - size: 2.4GB
2024-01-15 08:26:55 ERROR [DatabaseConnection] Connection timeout after 30 seconds
2024-01-15 08:27:12 INFO [UserService] Password reset requested for user: john.doe@example.com
2024-01-15 08:27:38 DEBUG [ValidationService] Input validation passed for form: contact_form
2024-01-15 08:28:01 FATAL [SystemMonitor] Critical system error: Out of memory - heap space exhausted
2024-01-15 08:28:25 INFO [NotificationService] Push notification sent to device_id: dev_456789
2024-01-15 08:28:47 WARN [FileUploader] File upload
2024-01-15 08:29:10 INFO [Scheduler] Scheduled task 'data_cleanup' executed successfully
2024-01-15 08:29:33 DEBUG [Logger] Log rotation completed, old logs archived
2024-01-15 08:29:55 ERROR [PaymentProcessor] Payment gateway unreachable for transaction_id: txn_789013
2024-01-15 08:30:18 INFO [UserService] User profile updated for user_id: 12345
2024-01-15 08:30:42 WARN [APIController] Deprecated API
2024-01-15 08:23:14 INFO [UserService] User authentication successful for user_id: 12345
2024-01-15 08:23:45 DEBUG [DatabaseConnection] Connection pool initialized with 10 connections
2024-01-15 08:24:12 WARN [PaymentProcessor] Retry attempt 2/3 for transaction_id: txn_789012
2024-01-15 08:24:33 INFO [OrderService] Order created successfully - order_id: ORD-2024-001
2024-01-15 08:25:01 ERROR [EmailService] Failed to send notification email: SMTP timeout
2024-01-15 08:25:18 INFO [CacheManager] Cache refreshed for key: product_catalog
2024-01-15 08:25:44 DEBUG [APIController] GET /api/v1/users/profile - Response time: 125ms
2024-01-15 08:26:07 WARN [SecurityService] Multiple failed login attempts detected for IP: 192.168.1.100
2024-01-15 08:26:29 INFO [BackupService] Daily backup completed successfully - size: 2.4GB
2024-01-15 08:26:55 ERROR [DatabaseConnection] Connection timeout after 30 seconds
2024-01-15 08:27:12 INFO [UserService] Password reset requested for user: john.doe@example.com
2024-01-15 08:27:38 DEBUG [ValidationService] Input validation passed for form: contact_form
2024-01-15 08:28:01 FATAL [SystemMonitor] Critical system error: Out of memory - heap space exhausted
2024-01-15 08:28:25 INFO [NotificationService] Push notification sent to device_id: dev_456789
2024-01-15 08:28:47 WARN [FileUploader] File upload
2024-01-15 08:29:10 INFO [Scheduler] Scheduled task 'data_cleanup' executed successfully
2024-01-15 08:29:33 DEBUG [Logger] Log rotation completed, old logs archived
2024-01-15 08:29:55 ERROR [PaymentProcessor] Payment gateway unreachable for transaction_id: txn_789013
2024-01-15 08:30:18 INFO [UserService] User profile updated for user_id: 12345
2024-01-15 08:30:42 WARN [APIController] Deprecated API
2024-01-15 08:23:14 INFO [UserService] User authentication successful for user_id: 12345
2024-01-15 08:23:45 DEBUG [DatabaseConnection] Connection pool initialized with 10 connections
2024-01-15 08:24:12 WARN [PaymentProcessor] Retry attempt 2/3 for transaction_id: txn_789012
2024-01-15 08:24:33 INFO [OrderService] Order created successfully - order_id: ORD-2024-001
2024-01-15 08:25:01 ERROR [EmailService] Failed to send notification email: SMTP timeout
2024-01-15 08:25:18 INFO [CacheManager] Cache refreshed for key: product_catalog
2024-01-15 08:25:44 DEBUG [APIController] GET /api/v1/users/profile - Response time: 125ms
2024-01-15 08:26:07 WARN [SecurityService] Multiple failed login attempts detected for IP: 192.168.1.100
2024-01-15 08:26:29 INFO [BackupService] Daily backup completed successfully - size: 2.4GB
2024-01-15 08:26:55 ERROR [DatabaseConnection] Connection timeout after 30 seconds
2024-01-15 08:27:12 INFO [UserService] Password reset requested for user: john.doe@example.com
2024-01-15 08:27:38 DEBUG [ValidationService] Input validation passed for form: contact_form
2024-01-15 08:28:01 FATAL [SystemMonitor] Critical system error: Out of memory - heap space exhausted
2024-01-15 08:28:25 INFO [NotificationService] Push notification sent to device_id: dev_456789
2024-01-15 08:28:47 WARN [FileUploader] File upload
2024-01-15 08:29:10 INFO [Scheduler] Scheduled task 'data_cleanup' executed successfully
2024-01-15 08:29:33 DEBUG [Logger] Log rotation completed, old logs archived
2024-01-15 08:29:55 ERROR [PaymentProcessor] Payment gateway unreachable for transaction_id: txn_789013
2024-01-15 08:30:18 INFO [UserService] User profile updated for user_id: 12345
2024-01-15 08:30:42 WARN [APIController] Deprecated API
2024-01-15 08:23:14 INFO [UserService] User authentication successful for user_id: 12345
2024-01-15 08:23:45 DEBUG [DatabaseConnection] Connection pool initialized with 10 connections
2024-01-15 08:24:12 WARN [PaymentProcessor] Retry attempt 2/3 for transaction_id: txn_789012
2024-01-15 08:24:33 INFO [OrderService] Order created successfully - order_id: ORD-2024-001
2024-01-15 08:25:01 ERROR [EmailService] Failed to send notification email: SMTP timeout
2024-01-15 08:25:18 INFO [CacheManager] Cache refreshed for key: product_catalog
2024-01-15 08:25:44 DEBUG [APIController] GET /api/v1/users/profile - Response time: 125ms
2024-01-15 08:26:07 WARN [SecurityService] Multiple failed login attempts detected for IP: 192.168.1.100
2024-01-15 08:26:29 INFO [BackupService] Daily backup completed successfully - size: 2.4GB
2024-01-15 08:26:55 ERROR [DatabaseConnection] Connection timeout after 30 seconds
2024-01-15 08:27:12 INFO [UserService] Password reset requested for user: john.doe@example.com
2024-01-15 08:27:38 DEBUG [ValidationService] Input validation passed for form: contact_form
2024-01-15 08:28:01 FATAL [SystemMonitor] Critical system error: Out of memory - heap space exhausted
2024-01-15 08:28:25 INFO [NotificationService] Push notification sent to device_id: dev_456789
2024-01-15 08:28:47 WARN [FileUploader] File upload
2024-01-15 08:29:10 INFO [Scheduler] Scheduled task 'data_cleanup' executed successfully
2024-01-15 08:29:33 DEBUG [Logger] Log rotation completed, old logs archived
2024-01-15 08:29:55 ERROR [PaymentProcessor] Payment gateway unreachable for transaction_id: txn_789013
2024-01-15 08:30:18 INFO [UserService] User profile updated for user_id: 12345
2024-01-15 08:30:42 WARN [APIController] Deprecated API
2024-01-15 08:23:14 INFO [UserService] User authentication successful for user_id: 12345
2024-01-15 08:23:45 DEBUG [DatabaseConnection] Connection pool initialized with 10 connections
2024-01-15 08:24:12 WARN [PaymentProcessor] Retry attempt 2/3 for transaction_id: txn_789012
2024-01-15 08:24:33 INFO [OrderService] Order created successfully - order_id: ORD-2024-001
2024-01-15 08:25:01 ERROR [EmailService] Failed to send notification email: SMTP timeout
2024-01-15 08:25:18 INFO [CacheManager] Cache refreshed for key: product_catalog
2024-01-15 08:25:44 DEBUG [APIController] GET /api/v1/users/profile - Response time: 125ms
2024-01-15 08:26:07 WARN [SecurityService] Multiple failed login attempts detected for IP: 192.168.1.100
2024-01-15 08:26:29 INFO [BackupService] Daily backup completed successfully - size: 2.4GB
2024-01-15 08:26:55 ERROR [DatabaseConnection] Connection timeout after 30 seconds
2024-01-15 08:27:12 INFO [UserService] Password reset requested for user: john.doe@example.com
2024-01-15 08:27:38 DEBUG [ValidationService] Input validation passed for form: contact_form
2024-01-15 08:28:01 FATAL [SystemMonitor] Critical system error: Out of memory - heap space exhausted
2024-01-15 08:28:25 INFO [NotificationService] Push notification sent to device_id: dev_456789
2024-01-15 08:28:47 WARN [FileUploader] File upload
2024-01-15 08:29:10 INFO [Scheduler] Scheduled task 'data_cleanup' executed successfully
2024-01-15 08:29:33 DEBUG [Logger] Log rotation completed, old logs archived
2024-01-15 08:29:55 ERROR [PaymentProcessor] Payment gateway unreachable for transaction_id: txn_789013
2024-01-15 08:30:18 INFO [UserService] User profile updated for user_id: 12345
2024-01-15 08:30:42 WARN [APIController] Deprecated API
2024-01-15 08:23:14 INFO [UserService] User authentication successful for user_id: 12345
2024-01-15 08:23:45 DEBUG [DatabaseConnection] Connection pool initialized with 10 connections
2024-01-15 08:24:12 WARN [PaymentProcessor] Retry attempt 2/3 for transaction_id: txn_789012
2024-01-15 08:24:33 INFO [OrderService] Order created successfully - order_id: ORD-2024-001
2024-01-15 08:25:01 ERROR [EmailService] Failed to send notification email: SMTP timeout
2024-01-15 08:25:18 INFO [CacheManager] Cache refreshed for key: product_catalog
2024-01-15 08:25:44 DEBUG [APIController] GET /api/v1/users/profile - Response time: 125ms
2024-01-15 08:26:07 WARN [SecurityService] Multiple failed login attempts detected for IP: 192.168.1.100
2024-01-15 08:26:29 INFO [BackupService] Daily backup completed successfully - size: 2.4GB
2024-01-15 08:26:55 ERROR [DatabaseConnection] Connection timeout after 30 seconds
2024-01-15 08:27:12 INFO [UserService] Password reset requested for user: john.doe@example.com
2024-01-15 08:27:38 DEBUG [ValidationService] Input validation passed for form: contact_form
2024-01-15 08:28:01 FATAL [SystemMonitor] Critical system error: Out of memory - heap space exhausted
2024-01-15 08:28:25 INFO [NotificationService] Push notification sent to device_id: dev_456789
2024-01-15 08:28:47 WARN [FileUploader] File upload
2024-01-15 08:29:10 INFO [Scheduler] Scheduled task 'data_cleanup' executed successfully
2024-01-15 08:29:33 DEBUG [Logger] Log rotation completed, old logs archived
2024-01-15 08:29:55 ERROR [PaymentProcessor] Payment gateway unreachable for transaction_id: txn_789013
2024-01-15 08:30:18 INFO [UserService] User profile updated for user_id: 12345
2024-01-15 08:30:42 WARN [APIController] Deprecated API
2024-01-15 08:23:14 INFO [UserService] User authentication successful for user_id: 12345
2024-01-15 08:23:45 DEBUG [DatabaseConnection] Connection pool initialized with 10 connections
2024-01-15 08:24:12 WARN [PaymentProcessor] Retry attempt 2/3 for transaction_id: txn_789012
2024-01-15 08:24:33 INFO [OrderService] Order created successfully - order_id: ORD-2024-001
2024-01-15 08:25:01 ERROR [EmailService] Failed to send notification email: SMTP timeout
2024-01-15 08:25:18 INFO [CacheManager] Cache refreshed for key: product_catalog
2024-01-15 08:25:44 DEBUG [APIController] GET /api/v1/users/profile - Response time: 125ms
2024-01-15 08:26:07 WARN [SecurityService] Multiple failed login attempts detected for IP: 192.168.1.100
2024-01-15 08:26:29 INFO [BackupService] Daily backup completed successfully - size: 2.4GB
2024-01-15 08:26:55 ERROR [DatabaseConnection] Connection timeout after 30 seconds
2024-01-15 08:27:12 INFO [UserService] Password reset requested for user: john.doe@example.com
2024-01-15 08:27:38 DEBUG [ValidationService] Input validation passed for form: contact_form
2024-01-15 08:28:01 FATAL [SystemMonitor] Critical system error: Out of memory - heap space exhausted
2024-01-15 08:28:25 INFO [NotificationService] Push notification sent to device_id: dev_456789
2024-01-15 08:28:47 WARN [FileUploader] File upload
2024-01-15 08:29:10 INFO [Scheduler] Scheduled task 'data_cleanup' executed successfully
2024-01-15 08:29:33 DEBUG [Logger] Log rotation completed, old logs archived
2024-01-15 08:29:55 ERROR [PaymentProcessor] Payment gateway unreachable for transaction_id: txn_789013
2024-01-15 08:30:18 INFO [UserService] User profile updated for user_id: 12345
2024-01-15 08:30:42 WARN [APIController] Deprecated API
2024-01-15 08:23:14 INFO [UserService] User authentication successful for user_id: 12345
2024-01-15 08:23:45 DEBUG [DatabaseConnection] Connection pool initialized with 10 connections
2024-01-15 08:24:12 WARN [PaymentProcessor] Retry attempt 2/3 for transaction_id: txn_789012
2024-01-15 08:24:33 INFO [OrderService] Order created successfully - order_id: ORD-2024-001
2024-01-15 08:25:01 ERROR [EmailService] Failed to send notification email: SMTP timeout
2024-01-15 08:25:18 INFO [CacheManager] Cache refreshed for key: product_catalog
2024-01-15 08:25:44 DEBUG [APIController] GET /api/v1/users/profile - Response time: 125ms
2024-01-15 08:26:07 WARN [SecurityService] Multiple failed login attempts detected for IP: 192.168.1.100
2024-01-15 08:26:29 INFO [BackupService] Daily backup completed successfully - size: 2.4GB
2024-01-15 08:26:55 ERROR [DatabaseConnection] Connection timeout after 30 seconds
2024-01-15 08:27:12 INFO [UserService] Password reset requested for user: john.doe@example.com
2024-01-15 08:27:38 DEBUG [ValidationService] Input validation passed for form: contact_form
2024-01-15 08:28:01 FATAL [SystemMonitor] Critical system error: Out of memory - heap space exhausted
2024-01-15 08:28:25 INFO [NotificationService] Push notification sent to device_id: dev_456789
2024-01-15 08:28:47 WARN [FileUploader] File upload
2024-01-15 08:29:10 INFO [Scheduler] Scheduled task 'data_cleanup' executed successfully
2024-01-15 08:29:33 DEBUG [Logger] Log rotation completed, old logs archived
2024-01-15 08:29:55 ERROR [PaymentProcessor] Payment gateway unreachable for transaction_id: txn_789013
2024-01-15 08:30:18 INFO [UserService] User profile updated for user_id: 12345
2024-01-15 08:30:42 WARN [APIController] Deprecated API
2024-01-15 08:23:14 INFO [UserService] User authentication successful for user_id: 12345
2024-01-15 08:23:45 DEBUG [DatabaseConnection] Connection pool initialized with 10 connections
2024-01-15 08:24:12 WARN [PaymentProcessor] Retry attempt 2/3 for transaction_id: txn_789012
2024-01-15 08:24:33 INFO [OrderService] Order created successfully - order_id: ORD-2024-001
2024-01-15 08:25:01 ERROR [EmailService] Failed to send notification email: SMTP timeout
2024-01-15 08:25:18 INFO [CacheManager] Cache refreshed for key: product_catalog
2024-01-15 08:25:44 DEBUG [APIController] GET /api/v1/users/profile - Response time: 125ms
2024-01-15 08:26:07 WARN [SecurityService] Multiple failed login attempts detected for IP: 192.168.1.100
2024-01-15 08:26:29 INFO [BackupService] Daily backup completed successfully - size: 2.4GB
2024-01-15 08:26:55 ERROR [DatabaseConnection] Connection timeout after 30 seconds
2024-01-15 08:27:12 INFO [UserService] Password reset requested for user: john.doe@example.com
2024-01-15 08:27:38 DEBUG [ValidationService] Input validation passed for form: contact_form
2024-01-15 08:28:01 FATAL [SystemMonitor] Critical system error: Out of memory - heap space exhausted
2024-01-15 08:28:25 INFO [NotificationService] Push notification sent to device_id: dev_456789
2024-01-15 08:28:47 WARN [FileUploader] File upload
2024-01-15 08:29:10 INFO [Scheduler] Scheduled task 'data_cleanup' executed successfully
2024-01-15 08:29:33 DEBUG [Logger] Log rotation completed, old logs archived
2024-01-15 08:29:55 ERROR [PaymentProcessor] Payment gateway unreachable for transaction_id: txn_789013
2024-01-15 08:30:18 INFO [UserService] User profile updated for user_id: 12345
2024-01-15 08:30:42 WARN [APIController] Deprecated API
2024-01-15 08:23:14 INFO [UserService] User authentication successful for user_id: 12345
2024-01-15 08:23:45 DEBUG [DatabaseConnection] Connection pool initialized with 10 connections
2024-01-15 08:24:12 WARN [PaymentProcessor] Retry attempt 2/3 for transaction_id: txn_789012
2024-01-15 08:24:33 INFO [OrderService] Order created successfully - order_id: ORD-2024-001
2024-01-15 08:25:01 ERROR [EmailService] Failed to send notification email: SMTP timeout
2024-01-15 08:25:18 INFO [CacheManager] Cache refreshed for key: product_catalog
2024-01-15 08:25:44 DEBUG [APIController] GET /api/v1/users/profile - Response time: 125ms
2024-01-15 08:26:07 WARN [SecurityService] Multiple failed login attempts detected for IP: 192.168.1.100
2024-01-15 08:26:29 INFO [BackupService] Daily backup completed successfully - size: 2.4GB
2024-01-15 08:26:55 ERROR [DatabaseConnection] Connection timeout after 30 seconds
2024-01-15 08:27:12 INFO [UserService] Password reset requested for user: john.doe@example.com
2024-01-15 08:27:38 DEBUG [ValidationService] Input validation passed for form: contact_form
2024-01-15 08:28:01 FATAL [SystemMonitor] Critical system error: Out of memory - heap space exhausted
2024-01-15 08:28:25 INFO [NotificationService] Push notification sent to device_id: dev_456789
2024-01-15 08:28:47 WARN [FileUploader] File upload
2024-01-15 08:29:10 INFO [Scheduler] Scheduled task 'data_cleanup' executed successfully
2024-01-15 08:29:33 DEBUG [Logger] Log rotation completed, old logs archived
2024-01-15 08:29:55 ERROR [PaymentProcessor] Payment gateway unreachable for transaction_id: txn_789013
2024-01-15 08:30:18 INFO [UserService] User profile updated for user_id: 12345
2024-01-15 08:30:42 WARN [APIController] Deprecated API
